commit 6f9f6428203ead9414449bd4648a4a7c52804a0e
Author: maTizK <maticknap@Matics-MacBook-Pro-2.local>
Date:   Tue Nov 18 16:14:42 2014 +0100

    Tue 18 Nov 2014 - working with some exceptions

commit cbe75b980f06b7ad38dd48090dab742fa51d61ff
Author: maTizK <maticknap@Matics-MacBook-Pro-2.local>
Date:   Tue Nov 11 16:20:58 2014 +0100

    Tue 11 Nov 2014 - without MOTOR

commit d6ed421c2e0c3db1617947f913d992693dbc0587
Author: maTizK <maticknap@Matics-MacBook-Pro-2.local>
Date:   Tue Nov 4 14:01:59 2014 +0100

    Tue 4 Nov - not Workig MODBUS

commit 26a9d71c67ef7e44c02c608a621d42a84b252771
Author: maTizK <maticknap@Matics-MacBook-Pro-2.local>
Date:   Mon Nov 3 15:47:41 2014 +0100

    Mon 3 Nov 2014

commit 6565c0d98f67f261cc6b9198c845414f16872de3
Author: maTizK <maticknap@Matics-MacBook-Pro-2.local>
Date:   Tue Oct 28 13:55:21 2014 +0100

    Tue 28 Oct 2014

commit 95367caa11a2ec7a29c964a7967c05a92054ad88
Author: maTizK <maticknap@Matics-MacBook-Pro-2.local>
Date:   Tue Oct 28 13:52:20 2014 +0100

    Tue 28 Oct 2014

commit 43a3ac09ba527b456a06165c1bac165a2c558b6d
Author: maTizK <maticknap@Matics-MacBook-Pro-2.local>
Date:   Tue Oct 28 13:50:25 2014 +0100

    Tue 28 Oct 2014

commit db312e9f8a227479f4d79e44e34fb34002d8170e
Author: maTizK <maticknap@Matics-MacBook-Pro-2.local>
Date:   Tue Oct 28 13:47:52 2014 +0100

    Tue 28 Oct 2014

commit ac56d9931faec27a2ae1f77989a6277f87a0aa08
Author: maTizK <maticknap@Matics-MacBook-Pro-2.local>
Date:   Mon Oct 27 15:52:19 2014 +0100

    Mon 27 Oct 2014

commit 02b491545a86bc350980d0c2b3e595f51dc7dcaf
Author: maTizK <maticknap@Matics-MacBook-Pro-2.local>
Date:   Fri Oct 24 13:55:38 2014 +0200

    Fri 24 OCT 2014 NONWORKING commit

commit e69046748980cc3177cc793621abe336c1d481fc
Author: maTizK <maticknap@Matics-MacBook-Pro-2.local>
Date:   Tue Oct 21 17:43:25 2014 +0200

    My commit

commit 008b53c174324f6d3604d36c86ddf78e4690fb81
Author: maTizK <maticknap@Matics-MacBook-Pro-2.local>
Date:   Tue Oct 21 17:40:40 2014 +0200

    Tue 21 Oct 2014

commit f28e94fa8a0b3c03263bd3ca7966e8e0cbb9dfaf
Author: maTizK <maticknap@Matics-MacBook-Pro-2.local>
Date:   Tue Oct 21 17:24:44 2014 +0200

    first commit
